Flutter crash report; please file at https://github.com/flutter/flutter/issues.

## command

flutter packages get

## exception

YamlException: Error on line 2, column 5: Mapping values are not allowed here. Did you miss a colon earlier?
name: jintel
    ^

```
#0      Scanner._fetchValue (package:yaml/src/scanner.dart:713)
#1      Scanner._fetchNextToken (package:yaml/src/scanner.dart:457)
#2      Scanner._fetchMoreTokens (package:yaml/src/scanner.dart:339)
#3      Scanner.peek (package:yaml/src/scanner.dart:317)
#4      Parser._parseDocumentEnd (package:yaml/src/parser.dart:212)
#5      Parser._stateMachine (package:yaml/src/parser.dart:64)
#6      Parser.parse (package:yaml/src/parser.dart:47)
#7      Loader._loadDocument (package:yaml/src/loader.dart:64)
#8      Loader.load (package:yaml/src/loader.dart:54)
#9      loadYamlDocument (package:yaml/yaml.dart:51)
#10     loadYamlNode (package:yaml/yaml.dart:42)
#11     loadYaml (package:yaml/yaml.dart:34)
#12     _pluginFromPubspec (package:flutter_tools/src/plugins.dart:52)
#13     _findPlugins.<anonymous closure> (package:flutter_tools/src/plugins.dart:75)
#14     _HashVMBase&MapMixin&&_LinkedHashMapMixin.forEach (dart:collection-patch/dart:collection/compact_hash.dart:363)
#15     _findPlugins (package:flutter_tools/src/plugins.dart:73)
#16     injectPlugins (package:flutter_tools/src/plugins.dart:234)
#17     FlutterProject.ensureReadyForPlatformSpecificTooling (package:flutter_tools/src/project.dart:62)
#18     PackagesGetCommand.runCommand (package:flutter_tools/src/commands/packages.dart:85)
<asynchronous suspension>
#19     FlutterCommand.verifyThenRunCommand (package:flutter_tools/src/runner/flutter_command.dart:344)
<asynchronous suspension>
#20     FlutterCommand.run.<anonymous closure> (package:flutter_tools/src/runner/flutter_command.dart:279)
<asynchronous suspension>
#21     AppContext.run.<anonymous closure> (package:flutter_tools/src/base/context.dart:142)
<asynchronous suspension>
#22     _rootRun (dart:async/zone.dart:1126)
#23     _CustomZone.run (dart:async/zone.dart:1023)
#24     runZoned (dart:async/zone.dart:1501)
#25     AppContext.run (package:flutter_tools/src/base/context.dart:141)
<asynchronous suspension>
#26     FlutterCommand.run (package:flutter_tools/src/runner/flutter_command.dart:270)
#27     CommandRunner.runCommand (package:args/command_runner.dart:194)
<asynchronous suspension>
#28     FlutterCommandRunner.runCommand.<anonymous closure> (package:flutter_tools/src/runner/flutter_command_runner.dart:309)
<asynchronous suspension>
#29     AppContext.run.<anonymous closure> (package:flutter_tools/src/base/context.dart:142)
<asynchronous suspension>
#30     _rootRun (dart:async/zone.dart:1126)
#31     _CustomZone.run (dart:async/zone.dart:1023)
#32     runZoned (dart:async/zone.dart:1501)
#33     AppContext.run (package:flutter_tools/src/base/context.dart:141)
<asynchronous suspension>
#34     FlutterCommandRunner.runCommand (package:flutter_tools/src/runner/flutter_command_runner.dart:265)
<asynchronous suspension>
#35     CommandRunner.run.<anonymous closure> (package:args/command_runner.dart:109)
#36     new Future.sync (dart:async/future.dart:222)
#37     CommandRunner.run (package:args/command_runner.dart:109)
#38     FlutterCommandRunner.run (package:flutter_tools/src/runner/flutter_command_runner.dart:174)
#39     run.<anonymous closure> (package:flutter_tools/runner.dart:59)
<asynchronous suspension>
#40     AppContext.run.<anonymous closure> (package:flutter_tools/src/base/context.dart:142)
<asynchronous suspension>
#41     _rootRun (dart:async/zone.dart:1126)
#42     _CustomZone.run (dart:async/zone.dart:1023)
#43     runZoned (dart:async/zone.dart:1501)
#44     AppContext.run (package:flutter_tools/src/base/context.dart:141)
<asynchronous suspension>
#45     runInContext (package:flutter_tools/src/context_runner.dart:43)
<asynchronous suspension>
#46     run (package:flutter_tools/runner.dart:50)
#47     main (package:flutter_tools/executable.dart:49)
<asynchronous suspension>
#48     main (file:///Users/navalpatel/flutter/packages/flutter_tools/bin/flutter_tools.dart:8)
#49     _startIsolate.<anonymous closure> (dart:isolate-patch/dart:isolate/isolate_patch.dart:277)
#50     _RawReceivePortImpl._handleMessage (dart:isolate-patch/dart:isolate/isolate_patch.dart:165)
```

## flutter doctor

```
[✓] Flutter (Channel beta, v0.5.1, on Mac OS X 10.13.6 17G65, locale en-US)
    • Flutter version 0.5.1 at /Users/navalpatel/flutter
    • Framework revision c7ea3ca377 (6 weeks ago), 2018-05-29 21:07:33 +0200
    • Engine revision 1ed25ca7b7
    • Dart version 2.0.0-dev.58.0.flutter-f981f09760

[✓] Android toolchain - develop for Android devices (Android SDK 27.0.3)
    • Android SDK at /Users/navalpatel/Library/Android/sdk
    • Android NDK location not configured (optional; useful for native profiling support)
    • Platform android-27, build-tools 27.0.3
    • Java binary at: /Applications/Android Studio.app/Contents/jre/jdk/Contents/Home/bin/java
    • Java version OpenJDK Runtime Environment (build 1.8.0_152-release-1024-b01)
    • All Android licenses accepted.

[✓] iOS toolchain - develop for iOS devices (Xcode 9.4.1)
    • Xcode at /Applications/Xcode.app/Contents/Developer
    • Xcode 9.4.1, Build version 9F2000
    • ios-deploy 1.9.2
    • CocoaPods version 1.5.3

[✓] Android Studio (version 3.1)
    • Android Studio at /Applications/Android Studio.app/Contents
    • Flutter plugin version 24.1.1
    • Dart plugin version 173.4700
    • Java version OpenJDK Runtime Environment (build 1.8.0_152-release-1024-b01)

[!] VS Code (version 1.25.1)
    • VS Code at /Applications/Visual Studio Code.app/Contents
    • Flutter extension not installed; install from
      https://marketplace.visualstudio.com/items?itemName=Dart-Code.flutter

[✓] Connected devices (1 available)
    • SM G930T • eaf0f8c5 • android-arm64 • Android 8.0.0 (API 26)

! Doctor found issues in 1 category.
```
